-0.00585948 1
-0.00540312 2
-0.00528091 3
-0.00513084 4
-0.00494243 5
-0.00450224 6
-0.00442183 7
-0.00431614 8
-0.00429776 9
-0.00411088 10
-0.00402438 11
-0.00396977 12
-0.00392876 13
-0.00385704 14
-0.00383685 15
-0.00382094 16
-0.00371458 17
-0.00370496 18
-0.00370205 19
-0.00370064 20
-0.00368509 21
-0.00363938 22
-0.00363864 23
-0.0035379 24
-0.00349101 25
-0.00346969 26
-0.00345914 27
-0.00345457 28
-0.00339854 29
-0.00339346 30
-0.0033824 31
-0.00338116 32
-0.0033809 33
-0.00335101 34
-0.00332558 35
-0.00328865 36
-0.00328299 37
-0.00327947 38
-0.00320701 39
-0.00320586 40
-0.0031713 41
-0.00316964 42
-0.00315211 43
-0.00312118 44
-0.00310206 45
-0.00310074 46
-0.00309715 47
-0.00308476 48
-0.00298531 49
-0.00297031 50
-0.00296965 51
-0.00296208 52
-0.00295726 53
-0.00295298 54
-0.00295016 55
-0.00294667 56
-0.00293975 57
-0.00293683 58
-0.00292622 59
-0.00292375 60
-0.00290786 61
-0.00290431 62
-0.00290124 63
-0.0028973 64
-0.00287766 65
-0.00286559 66
-0.00284632 67
-0.00284127 68
-0.00282948 69
-0.00281628 70
-0.00280911 71
-0.00278537 72
-0.00278281 73
-0.002782 74
-0.00278097 75
-0.00275184 76
-0.00273368 77
-0.00273302 78
-0.00272772 79
-0.00271453 80
-0.00271276 81
-0.00270821 82
-0.00270814 83
-0.00265166 84
-0.00263758 85
-0.00262862 86
-0.0026263 87
-0.00262332 88
-0.00259956 89
-0.00257325 90
-0.00257313 91
-0.00256739 92
-0.00255851 93
-0.00255843 94
-0.002553 95
-0.00254503 96
-0.00252978 97
-0.00252725 98
-0.00251952 99
-0.0025164 100
-0.00249564 101
-0.00249079 102
-0.00247771 103
-0.00246911 104
-0.00246761 105
-0.00246685 106
-0.00244301 107
-0.00243381 108
-0.0024316 109
-0.002405 110
-0.0023984 111
-0.00239229 112
-0.00236855 113
-0.00234484 114
-0.00233785 115
-0.00230955 116
-0.00230731 117
-0.0023031 118
-0.00229027 119
-0.00228091 120
-0.00226427 121
-0.00226141 122
-0.00225567 123
-0.00223421 124
-0.0022341 125
-0.00223403 126
-0.00221618 127
-0.00219095 128
-0.0021867 129
-0.00218104 130
-0.00217967 131
-0.00216891 132
-0.00215674 133
-0.00214648 134
-0.00214616 135
-0.00213029 136
-0.00212901 137
-0.00211882 138
-0.00209986 139
-0.00209572 140
-0.00209416 141
-0.00209125 142
-0.00206948 143
-0.00204271 144
-0.00204117 145
-0.00204045 146
-0.00203709 147
-0.00202579 148
-0.00200799 149
-0.00199395 150
-0.00198682 151
-0.00198369 152
-0.00198231 153
-0.00198122 154
-0.00197122 155
-0.0019569 156
-0.00195682 157
-0.0019446 158
-0.00194325 159
-0.00193278 160
-0.00192657 161
-0.00190804 162
-0.00189743 163
-0.00187395 164
-0.00186969 165
-0.00186267 166
-0.00184972 167
-0.00183884 168
-0.00183145 169
-0.00183108 170
-0.00182488 171
-0.00182478 172
-0.00181602 173
-0.00181445 174
-0.00179988 175
-0.00179461 176
-0.00178498 177
-0.00178222 178
-0.00177812 179
-0.00176111 180
-0.00175859 181
-0.00175414 182
-0.00175391 183
-0.00173235 184
-0.00173085 185
-0.0017276 186
-0.00172388 187
-0.00171381 188
-0.00170109 189
-0.00169669 190
-0.00168962 191
-0.00168364 192
-0.0016615 193
-0.00164395 194
-0.00162777 195
-0.00162534 196
-0.00162316 197
-0.00162225 198
-0.00162205 199
-0.00162045 200
-0.00161345 201
-0.00160585 202
-0.00159174 203
-0.00158934 204
-0.00158158 205
-0.00158047 206
-0.00157921 207
-0.00157192 208
-0.00157188 209
-0.00156346 210
-0.00156014 211
-0.00155983 212
-0.0015555 213
-0.00154102 214
-0.00154073 215
-0.00153397 216
-0.00153066 217
-0.00152859 218
-0.00151753 219
-0.00151154 220
-0.00150024 221
-0.0014909 222
-0.00148513 223
-0.00148306 224
-0.00147597 225
-0.00146327 226
-0.00145788 227
-0.00145686 228
-0.00145506 229
-0.00145207 230
-0.00143417 231
-0.00143262 232
-0.00143167 233
-0.00142727 234
-0.00141783 235
-0.00141753 236
-0.00141216 237
-0.00141177 238
-0.00140622 239
-0.00138337 240
-0.00137664 241
-0.00136979 242
-0.00136921 243
-0.00135205 244
-0.00135022 245
-0.00133646 246
-0.00133271 247
-0.0013237 248
-0.00130896 249
-0.00130138 250
-0.00130061 251
-0.00128116 252
-0.00127877 253
-0.00127603 254
-0.00126574 255
-0.001254 256
-0.00124308 257
-0.00123801 258
-0.00123752 259
-0.00123143 260
-0.0012282 261
-0.00122694 262
-0.00122523 263
-0.00121898 264
-0.00121893 265
-0.00121069 266
-0.00119308 267
-0.00116676 268
-0.0011609 269
-0.00116086 270
-0.00114857 271
-0.00114524 272
-0.00113702 273
-0.00112953 274
-0.00112353 275
-0.00111856 276
-0.00111117 277
-0.00109464 278
-0.00109402 279
-0.00109022 280
-0.00108447 281
-0.00107815 282
-0.00107631 283
-0.00106891 284
-0.0010625 285
-0.00105601 286
-0.00105009 287
-0.00104797 288
-0.00103833 289
-0.00103521 290
-0.00103268 291
-0.00103103 292
-0.00102705 293
-0.00102291 294
-0.00100956 295
-0.00100263 296
-0.00098931 297
-0.000987657 298
-0.000984995 299
-0.000965094 300
-0.00096478 301
-0.000964771 302
-0.000961968 303
-0.000960265 304
-0.000958269 305
-0.000950973 306
-0.000949779 307
-0.000946546 308
-0.000942952 309
-0.000933919 310
-0.000932357 311
-0.000926866 312
-0.000923893 313
-0.000916546 314
-0.000914746 315
-0.000912231 316
-0.000910737 317
-0.000906914 318
-0.000903024 319
-0.000902416 320
-0.000898528 321
-0.00089391 322
-0.000893114 323
-0.000892632 324
-0.000892251 325
-0.00088887 326
-0.000888656 327
-0.000888264 328
-0.00088404 329
-0.000882957 330
-0.000872213 331
-0.000858495 332
-0.000854576 333
-0.000851119 334
-0.000843133 335
-0.000841764 336
-0.000816186 337
-0.000813862 338
-0.000809741 339
-0.000806356 340
-0.00080186 341
-0.000793348 342
-0.000789277 343
-0.000786058 344
-0.000783152 345
-0.00078201 346
-0.000781808 347
-0.000780446 348
-0.000773433 349
-0.000767017 350
-0.000764124 351
-0.00075873 352
-0.000748588 353
-0.000747697 354
-0.000712076 355
-0.000704899 356
-0.000687947 357
-0.000683872 358
-0.000680435 359
-0.000680023 360
-0.00066259 361
-0.000656015 362
-0.000654126 363
-0.000651564 364
-0.000647606 365
-0.000642488 366
-0.00063928 367
-0.000635956 368
-0.000635282 369
-0.000618314 370
-0.00061751 371
-0.000610382 372
-0.000607811 373
-0.000599641 374
-0.000596883 375
-0.000594201 376
-0.000589421 377
-0.000588943 378
-0.00058639 379
-0.000584025 380
-0.000577987 381
-0.000577969 382
-0.000574562 383
-0.000568517 384
-0.000565314 385
-0.000564689 386
-0.000559996 387
-0.000554609 388
-0.000551629 389
-0.000551087 390
-0.000544517 391
-0.000542706 392
-0.000541597 393
-0.000541126 394
-0.000524029 395
-0.000517536 396
-0.000516905 397
-0.000513793 398
-0.000506791 399
-0.000504818 400
-0.000504766 401
-0.000497945 402
-0.000494233 403
-0.000488997 404
-0.000475074 405
-0.000464333 406
-0.000462305 407
-0.000444907 408
-0.000444201 409
-0.000436653 410
-0.000430867 411
-0.000427049 412
-0.000418153 413
-0.000410225 414
-0.000398523 415
-0.000392409 416
-0.000391186 417
-0.000388145 418
-0.000387118 419
-0.000382068 420
-0.000373618 421
-0.000367196 422
-0.000363785 423
-0.000359642 424
-0.000352905 425
-0.00034981 426
-0.000347519 427
-0.00034546 428
-0.000340877 429
-0.00033835 430
-0.0003329 431
-0.000332455 432
-0.000329152 433
-0.000328618 434
-0.000322122 435
-0.000317134 436
-0.000314436 437
-0.000314075 438
-0.000300971 439
-0.000300525 440
-0.00030008 441
-0.000292189 442
-0.000288691 443
-0.000260412 444
-0.000255595 445
-0.000254405 446
-0.000252852 447
-0.00025018 448
-0.000242524 449
-0.000241911 450
-0.000226981 451
-0.000213248 452
-0.000210509 453
-0.000207861 454
-0.000206433 455
-0.000206413 456
-0.000200207 457
-0.0001929 458
-0.000188929 459
-0.000182124 460
-0.000181838 461
-0.000181532 462
-0.000177763 463
-0.000170124 464
-0.00016972 465
-0.00015513 466
-0.0001438 467
-0.000142983 468
-0.000141048 469
-0.00013379 470
-0.000126193 471
-0.000123525 472
-0.000121878 473
-0.000118369 474
-0.000115519 475
-0.00011152 476
-0.000109211 477
-0.000106484 478
-0.000103252 479
-0.000101425 480
-8.78536e-05 481
-7.5305e-05 482
-7.30271e-05 483
-7.22932e-05 484
-6.00454e-05 485
-5.44766e-05 486
-5.4233e-05 487
-5.40803e-05 488
-5.34629e-05 489
-5.22012e-05 490
-5.20058e-05 491
-4.78939e-05 492
-4.64551e-05 493
-4.20919e-05 494
-2.55166e-05 495
-2.39862e-05 496
-1.49849e-05 497
-1.48213e-05 498
-1.38874e-05 499
-1.19121e-05 500
-1.15818e-05 501
-1.00842e-05 502
-8.08536e-06 503
-1.55053e-06 504
6.11906e-06 505
7.99706e-06 506
1.28356e-05 507
2.41944e-05 508
2.87181e-05 509
2.91962e-05 510
3.17886e-05 511
3.96153e-05 512
4.22564e-05 513
4.55428e-05 514
5.37166e-05 515
5.86281e-05 516
6.01407e-05 517
6.24892e-05 518
6.62253e-05 519
6.94495e-05 520
7.01648e-05 521
7.16863e-05 522
7.52006e-05 523
9.50597e-05 524
0.000112593 525
0.0001147 526
0.000119961 527
0.000125795 528
0.000130627 529
0.000131157 530
0.000131242 531
0.00013232 532
0.00013794 533
0.000140253 534
0.000143499 535
0.000148683 536
0.000150266 537
0.000151506 538
0.000165379 539
0.000172309 540
0.000173709 541
0.000176053 542
0.000177535 543
0.000185873 544
0.000190864 545
0.000209192 546
0.000209791 547
0.000210029 548
0.000216146 549
0.000217769 550
0.000224292 551
0.00022622 552
0.000228596 553
0.000236978 554
0.000247482 555
0.000254582 556
0.000257083 557
0.000261787 558
0.000267405 559
0.000269707 560
0.000270022 561
0.000275043 562
0.00028437 563
0.000292718 564
0.00029326 565
0.000294626 566
0.000296859 567
0.000298661 568
0.000318231 569
0.000319761 570
0.0003222 571
0.000329628 572
0.000338741 573
0.000340908 574
0.000344878 575
0.000349276 576
0.000353782 577
0.000359638 578
0.000362171 579
0.000366128 580
0.00036971 581
0.000373779 582
0.000375486 583
0.000382077 584
0.000383808 585
0.000390419 586
0.000392461 587
0.000404709 588
0.00040596 589
0.000409879 590
0.00041007 591
0.000411818 592
0.000415358 593
0.000424921 594
0.000428373 595
0.000429067 596
0.000465527 597
0.000466878 598
0.000471278 599
0.000471392 600
0.000472118 601
0.000486927 602
0.000491204 603
0.000491415 604
0.000492975 605
0.000493988 606
0.000497864 607
0.000504795 608
0.00051788 609
0.000519157 610
0.000520178 611
0.000526025 612
0.000530321 613
0.000549191 614
0.000556771 615
0.000560307 616
0.000566613 617
0.000569825 618
0.000571749 619
0.000574422 620
0.000576594 621
0.000577326 622
0.000588498 623
0.000593369 624
0.000599315 625
0.000604039 626
0.000628892 627
0.000641104 628
0.000643482 629
0.000650951 630
0.000666664 631
0.000667913 632
0.000673246 633
0.000678777 634
0.000680378 635
0.000690671 636
0.000697632 637
0.0006995 638
0.000712962 639
0.000718543 640
0.000721592 641
0.000729692 642
0.000744801 643
0.000745252 644
0.000745597 645
0.00075058 646
0.000761745 647
0.000762172 648
0.000768727 649
0.0007714 650
0.000776204 651
0.000778771 652
0.000785623 653
0.000790533 654
0.000795379 655
0.000795944 656
0.00080032 657
0.000801369 658
0.000801678 659
0.000804271 660
0.000813048 661
0.000813455 662
0.000830258 663
0.000837748 664
0.000841272 665
0.000843037 666
0.000846026 667
0.000846664 668
0.000848213 669
0.000848333 670
0.000851989 671
0.000878361 672
0.000879048 673
0.000886862 674
0.000899194 675
0.000910252 676
0.000916263 677
0.000921705 678
0.000924854 679
0.00093257 680
0.000933631 681
0.000937031 682
0.000947761 683
0.000960236 684
0.000966005 685
0.000974535 686
0.000975507 687
0.000978587 688
0.000979557 689
0.000997423 690
0.00100017 691
0.00101235 692
0.00101377 693
0.0010142 694
0.00102944 695
0.0010358 696
0.00103879 697
0.00104364 698
0.00104561 699
0.00104571 700
0.00104997 701
0.00105726 702
0.00108594 703
0.0010981 704
0.00110027 705
0.00111775 706
0.00112389 707
0.00112415 708
0.00112542 709
0.0011261 710
0.00112612 711
0.00113872 712
0.00114106 713
0.00115789 714
0.00115804 715
0.00117239 716
0.00117339 717
0.00117757 718
0.00117813 719
0.00118043 720
0.00118113 721
0.00119521 722
0.00120354 723
0.0012133 724
0.00121808 725
0.00121927 726
0.00123013 727
0.00126362 728
0.00126642 729
0.00127067 730
0.00127375 731
0.0012753 732
0.0012773 733
0.00127872 734
0.00128095 735
0.00129196 736
0.00129251 737
0.00129314 738
0.00129343 739
0.00129487 740
0.00131105 741
0.0013123 742
0.00131502 743
0.00131516 744
0.00132432 745
0.00133439 746
0.0013459 747
0.00134979 748
0.00135806 749
0.00136041 750
0.00136636 751
0.00137244 752
0.00138018 753
0.00139795 754
0.00140197 755
0.00140446 756
0.00141214 757
0.00142271 758
0.00142828 759
0.00143727 760
0.00144031 761
0.00145676 762
0.00146569 763
0.00146726 764
0.00149029 765
0.00149543 766
0.00149907 767
0.00150199 768
0.00150813 769
0.00152474 770
0.00153762 771
0.00153893 772
0.00154123 773
0.00154356 774
0.00154664 775
0.0015585 776
0.0015632 777
0.00157088 778
0.00157219 779
0.0015728 780
0.00159141 781
0.00160196 782
0.00160226 783
0.00160313 784
0.00160912 785
0.00160966 786
0.00161611 787
0.00162206 788
0.00164211 789
0.00165838 790
0.0016619 791
0.00166524 792
0.00167959 793
0.00169332 794
0.00170857 795
0.00171385 796
0.00171442 797
0.00171927 798
0.00172544 799
0.00173136 800
0.00173834 801
0.00174097 802
0.001748 803
0.00175899 804
0.00176134 805
0.00176858 806
0.00177856 807
0.00177899 808
0.00177913 809
0.00178662 810
0.00179218 811
0.00179286 812
0.00179846 813
0.00181358 814
0.00181626 815
0.00182316 816
0.00183284 817
0.00185028 818
0.00185077 819
0.00185109 820
0.00186833 821
0.001885 822
0.00188821 823
0.00189842 824
0.00190536 825
0.00191418 826
0.00191784 827
0.00193872 828
0.00195145 829
0.00196856 830
0.00197184 831
0.00197859 832
0.0019807 833
0.00199559 834
0.00199658 835
0.00200663 836
0.00200929 837
0.00201488 838
0.00202663 839
0.00203871 840
0.00204439 841
0.00205035 842
0.00205449 843
0.0020549 844
0.0020826 845
0.00208553 846
0.00208806 847
0.00209138 848
0.00210357 849
0.00211337 850
0.00211361 851
0.00211948 852
0.00212191 853
0.00212417 854
0.00213249 855
0.00213713 856
0.0021419 857
0.00214475 858
0.00216791 859
0.00218566 860
0.00218584 861
0.0022024 862
0.00220276 863
0.00220999 864
0.00224913 865
0.00225829 866
0.00225932 867
0.00226099 868
0.0022624 869
0.00227476 870
0.0022887 871
0.0022895 872
0.00230051 873
0.00230309 874
0.00230773 875
0.00231442 876
0.00232316 877
0.00232702 878
0.00234064 879
0.0023566 880
0.00236728 881
0.0023768 882
0.00238159 883
0.00238792 884
0.00238815 885
0.00239292 886
0.00239333 887
0.00240877 888
0.00243345 889
0.00244115 890
0.00245067 891
0.00246295 892
0.0024664 893
0.0024839 894
0.00249964 895
0.00249968 896
0.00251774 897
0.00252069 898
0.00254688 899
0.00261665 900
0.00261953 901
0.00264464 902
0.0026465 903
0.002653 904
0.00265465 905
0.00265486 906
0.0026676 907
0.00267117 908
0.00267979 909
0.0026809 910
0.00268446 911
0.00269031 912
0.00270198 913
0.0027253 914
0.00272551 915
0.00275185 916
0.00276358 917
0.0027831 918
0.00278386 919
0.00282226 920
0.0028441 921
0.00284729 922
0.00285423 923
0.00286186 924
0.00287273 925
0.00290983 926
0.00294054 927
0.00295338 928
0.00295419 929
0.00295976 930
0.00297667 931
0.00300353 932
0.00301798 933
0.00301823 934
0.00302408 935
0.00303183 936
0.00305939 937
0.00308406 938
0.00308416 939
0.00308624 940
0.00311995 941
0.00312121 942
0.00312755 943
0.00316489 944
0.00317973 945
0.00318627 946
0.0032304 947
0.00323089 948
0.00324471 949
0.00324671 950
0.00324922 951
0.00327314 952
0.00330216 953
0.0033172 954
0.00333814 955
0.00333872 956
0.00337104 957
0.0033751 958
0.00338466 959
0.00339275 960
0.00339371 961
0.00341427 962
0.00341831 963
0.00347248 964
0.00348741 965
0.00350461 966
0.00353598 967
0.00354379 968
0.0035819 969
0.00360221 970
0.00366336 971
0.00368968 972
0.00369346 973
0.00377815 974
0.00379317 975
0.0037933 976
0.00381676 977
0.00389246 978
0.00390805 979
0.00393807 980
0.00396206 981
0.00398465 982
0.00401199 983
0.00410765 984
0.00414792 985
0.0041544 986
0.00424491 987
0.00425763 988
0.00440272 989
0.00448643 990
0.00452711 991
0.00458308 992
0.00467699 993
0.00496644 994
0.00499073 995
0.00509044 996
0.00521389 997
0.00526528 998
0.0054128 999
0.00566244 1000
