-0.181202 1
-0.179711 2
-0.178741 3
-0.16747 4
-0.161742 5
-0.160933 6
-0.160918 7
-0.160594 8
-0.159278 9
-0.158749 10
-0.154128 11
-0.153135 12
-0.153105 13
-0.148824 14
-0.147386 15
-0.146403 16
-0.146215 17
-0.146023 18
-0.145272 19
-0.142085 20
-0.140602 21
-0.136607 22
-0.135509 23
-0.133464 24
-0.132561 25
-0.128994 26
-0.128493 27
-0.128017 28
-0.127435 29
-0.127216 30
-0.127161 31
-0.125571 32
-0.12524 33
-0.124744 34
-0.124434 35
-0.123986 36
-0.123151 37
-0.122462 38
-0.121629 39
-0.120842 40
-0.120111 41
-0.117394 42
-0.116792 43
-0.116398 44
-0.116094 45
-0.114694 46
-0.114032 47
-0.112914 48
-0.112368 49
-0.111477 50
-0.110548 51
-0.110418 52
-0.110393 53
-0.109148 54
-0.108981 55
-0.108765 56
-0.108269 57
-0.108224 58
-0.107944 59
-0.107647 60
-0.107491 61
-0.10692 62
-0.106751 63
-0.105497 64
-0.105298 65
-0.102588 66
-0.102277 67
-0.101343 68
-0.100038 69
-0.0999169 70
-0.0997136 71
-0.099405 72
-0.0990029 73
-0.0979486 74
-0.095323 75
-0.0947629 76
-0.0942652 77
-0.094251 78
-0.0936418 79
-0.0927923 80
-0.0924559 81
-0.0922279 82
-0.0919347 83
-0.0916537 84
-0.0914243 85
-0.091017 86
-0.0893528 87
-0.0891414 88
-0.088919 89
-0.0888533 90
-0.0886121 91
-0.0875237 92
-0.0874104 93
-0.0867045 94
-0.0866511 95
-0.0862722 96
-0.0862692 97
-0.0862635 98
-0.085766 99
-0.0856553 100
-0.0851406 101
-0.0848431 102
-0.0844873 103
-0.0836577 104
-0.0835158 105
-0.0826993 106
-0.0825596 107
-0.0825027 108
-0.0821516 109
-0.0816729 110
-0.0814675 111
-0.0813226 112
-0.0810554 113
-0.0809233 114
-0.080881 115
-0.0808302 116
-0.0807965 117
-0.0806223 118
-0.0801206 119
-0.0794506 120
-0.0786989 121
-0.0780591 122
-0.0779649 123
-0.0774884 124
-0.0760482 125
-0.0753414 126
-0.075166 127
-0.075029 128
-0.0746013 129
-0.0743077 130
-0.0740844 131
-0.0739541 132
-0.0736385 133
-0.0732261 134
-0.0731592 135
-0.0722177 136
-0.0719342 137
-0.0717839 138
-0.0715181 139
-0.0712747 140
-0.0710867 141
-0.071025 142
-0.0706749 143
-0.0706342 144
-0.0699495 145
-0.0698707 146
-0.0695448 147
-0.0694371 148
-0.0693979 149
-0.0692438 150
-0.069093 151
-0.0690267 152
-0.0686132 153
-0.0681665 154
-0.0681146 155
-0.0681114 156
-0.0680639 157
-0.0675872 158
-0.0675219 159
-0.0673938 160
-0.0672065 161
-0.0671882 162
-0.0669082 163
-0.0668356 164
-0.0665198 165
-0.0665194 166
-0.0660993 167
-0.066061 168
-0.0658777 169
-0.0657932 170
-0.065503 171
-0.0654645 172
-0.0652221 173
-0.0650992 174
-0.0646682 175
-0.0643893 176
-0.0641341 177
-0.0640198 178
-0.0633636 179
-0.0632151 180
-0.0631043 181
-0.0626654 182
-0.0623927 183
-0.0620794 184
-0.0618496 185
-0.0618111 186
-0.0616128 187
-0.0613919 188
-0.0613584 189
-0.0612862 190
-0.061246 191
-0.0612147 192
-0.0610103 193
-0.0607807 194
-0.0605803 195
-0.0605801 196
-0.0604598 197
-0.0596575 198
-0.0593355 199
-0.0592166 200
-0.0588631 201
-0.0587202 202
-0.0585215 203
-0.0584518 204
-0.0584084 205
-0.0583327 206
-0.0582403 207
-0.0580323 208
-0.0578498 209
-0.0577256 210
-0.0577201 211
-0.0572326 212
-0.0570606 213
-0.0569516 214
-0.0568855 215
-0.056857 216
-0.0560958 217
-0.0560478 218
-0.0559435 219
-0.0554574 220
-0.0553968 221
-0.054827 222
-0.0545927 223
-0.0545222 224
-0.0543945 225
-0.0543124 226
-0.0541382 227
-0.0541368 228
-0.0541164 229
-0.0536483 230
-0.0534112 231
-0.0527195 232
-0.0525778 233
-0.0524806 234
-0.0524573 235
-0.0523899 236
-0.0520085 237
-0.051937 238
-0.0511418 239
-0.049801 240
-0.0496437 241
-0.0493932 242
-0.0490091 243
-0.0485489 244
-0.0484753 245
-0.0484029 246
-0.0475438 247
-0.047297 248
-0.0468124 249
-0.046811 250
-0.0464442 251
-0.0464346 252
-0.0464335 253
-0.0462711 254
-0.0462606 255
-0.0457194 256
-0.045624 257
-0.0448461 258
-0.044603 259
-0.0445335 260
-0.0444723 261
-0.0442672 262
-0.0440569 263
-0.0440566 264
-0.0439181 265
-0.0437689 266
-0.0434195 267
-0.0429793 268
-0.0428161 269
-0.0421604 270
-0.0413448 271
-0.0412195 272
-0.0412125 273
-0.0412117 274
-0.0411343 275
-0.0406964 276
-0.0406954 277
-0.0403929 278
-0.0402064 279
-0.0399084 280
-0.0398549 281
-0.0394812 282
-0.0392111 283
-0.0388621 284
-0.0387526 285
-0.0387092 286
-0.038648 287
-0.0385279 288
-0.0385135 289
-0.0381892 290
-0.0381371 291
-0.0379754 292
-0.037746 293
-0.0376606 294
-0.0374013 295
-0.0369543 296
-0.0366902 297
-0.0365394 298
-0.0364554 299
-0.0359015 300
-0.035848 301
-0.0352008 302
-0.0351956 303
-0.0350425 304
-0.0347549 305
-0.0347525 306
-0.0346122 307
-0.0344958 308
-0.0341468 309
-0.0337201 310
-0.0336549 311
-0.0336468 312
-0.0332921 313
-0.0327226 314
-0.0325159 315
-0.032507 316
-0.0323123 317
-0.0320155 318
-0.0317433 319
-0.0316039 320
-0.0315645 321
-0.0313221 322
-0.0310506 323
-0.0304926 324
-0.0302822 325
-0.030223 326
-0.0301804 327
-0.0294261 328
-0.0292887 329
-0.0292479 330
-0.0290707 331
-0.0284097 332
-0.0282846 333
-0.0278656 334
-0.0276495 335
-0.0276205 336
-0.0275726 337
-0.0273349 338
-0.0273075 339
-0.0271251 340
-0.0269191 341
-0.0269112 342
-0.0268357 343
-0.0267587 344
-0.0266955 345
-0.0264906 346
-0.0261925 347
-0.026101 348
-0.025934 349
-0.0258672 350
-0.0252393 351
-0.0246589 352
-0.0246513 353
-0.0244854 354
-0.0244591 355
-0.0244329 356
-0.0243529 357
-0.0243216 358
-0.0242288 359
-0.0239561 360
-0.0236752 361
-0.023561 362
-0.0234119 363
-0.0232814 364
-0.0232228 365
-0.0228211 366
-0.0223927 367
-0.0222547 368
-0.022196 369
-0.0218488 370
-0.0210816 371
-0.0209076 372
-0.0208541 373
-0.0205943 374
-0.0205414 375
-0.0204121 376
-0.0198232 377
-0.0197792 378
-0.0194796 379
-0.0194625 380
-0.0193081 381
-0.0191193 382
-0.0188616 383
-0.0188049 384
-0.0182245 385
-0.0178839 386
-0.0177126 387
-0.0176486 388
-0.0174586 389
-0.0174107 390
-0.0173639 391
-0.0171641 392
-0.0171009 393
-0.0166555 394
-0.0165877 395
-0.015676 396
-0.0155402 397
-0.0155114 398
-0.0154068 399
-0.0152025 400
-0.0150642 401
-0.0148017 402
-0.0147751 403
-0.0147405 404
-0.014541 405
-0.0144998 406
-0.0144709 407
-0.0140213 408
-0.0136336 409
-0.0133291 410
-0.0129988 411
-0.0129988 412
-0.0126791 413
-0.0118807 414
-0.0117716 415
-0.0117564 416
-0.0115982 417
-0.0114732 418
-0.0112365 419
-0.0108534 420
-0.0107622 421
-0.0107252 422
-0.010582 423
-0.0104428 424
-0.0103706 425
-0.0103073 426
-0.0102375 427
-0.0101965 428
-0.00977424 429
-0.00932205 430
-0.00927033 431
-0.00915491 432
-0.00875709 433
-0.00866376 434
-0.00863736 435
-0.00853679 436
-0.00836608 437
-0.00834001 438
-0.00825477 439
-0.0081563 440
-0.00784922 441
-0.00784104 442
-0.00772925 443
-0.00732696 444
-0.0069321 445
-0.00602914 446
-0.00601871 447
-0.00570854 448
-0.00570841 449
-0.0055169 450
-0.00538351 451
-0.00537096 452
-0.00520801 453
-0.00514802 454
-0.00503939 455
-0.00500574 456
-0.00475284 457
-0.00437497 458
-0.00424277 459
-0.00419958 460
-0.00364004 461
-0.00319758 462
-0.0031043 463
-0.00279695 464
-0.00239611 465
-0.00236699 466
-0.00223892 467
-0.00179182 468
-0.00155052 469
-0.00154052 470
-0.00152444 471
-0.00131255 472
-0.00124763 473
-0.00109741 474
-0.000954204 475
-0.000760494 476
-0.000715474 477
-0.000624734 478
-0.000601203 479
-0.000307157 480
0.000407962 481
0.000491851 482
0.000531393 483
0.000677739 484
0.00109513 485
0.00119604 486
0.00132084 487
0.00169539 488
0.00172315 489
0.00228843 490
0.00245667 491
0.00257789 492
0.00261261 493
0.00293331 494
0.00309836 495
0.00314999 496
0.0032681 497
0.00386794 498
0.00388801 499
0.00396472 500
0.00409187 501
0.0045144 502
0.00495333 503
0.00500807 504
0.00519143 505
0.00522537 506
0.00532805 507
0.00533126 508
0.00560267 509
0.00578445 510
0.00579334 511
0.00639505 512
0.00665225 513
0.00665582 514
0.00678943 515
0.00729038 516
0.00746376 517
0.0076135 518
0.00776927 519
0.00825914 520
0.00826625 521
0.00842446 522
0.00850552 523
0.0086719 524
0.00923956 525
0.00928018 526
0.00930785 527
0.00969994 528
0.00989676 529
0.00994038 530
0.0101095 531
0.0101649 532
0.0102682 533
0.0108947 534
0.0109043 535
0.011093 536
0.0111008 537
0.0111325 538
0.0114442 539
0.0116047 540
0.011645 541
0.0116466 542
0.0118541 543
0.0120688 544
0.0120774 545
0.012124 546
0.0124366 547
0.0125019 548
0.0128035 549
0.0128898 550
0.012907 551
0.0129178 552
0.0129705 553
0.0129932 554
0.0130749 555
0.0132373 556
0.0132522 557
0.0134381 558
0.0136461 559
0.013799 560
0.0139688 561
0.0142653 562
0.0144094 563
0.0145047 564
0.0146987 565
0.0147939 566
0.0151156 567
0.015128 568
0.0152168 569
0.0152259 570
0.0153088 571
0.0153175 572
0.0153656 573
0.0155298 574
0.0156986 575
0.0157229 576
0.0163186 577
0.0164414 578
0.0165236 579
0.0165458 580
0.0172849 581
0.0174621 582
0.0176671 583
0.0179664 584
0.0181947 585
0.0183882 586
0.0184344 587
0.0185288 588
0.0187079 589
0.0189694 590
0.0195788 591
0.0196122 592
0.019859 593
0.0199922 594
0.0201409 595
0.0206328 596
0.0207847 597
0.0208037 598
0.0210291 599
0.0210835 600
0.0214188 601
0.0215599 602
0.02184 603
0.021981 604
0.0220299 605
0.0224548 606
0.0225621 607
0.0226112 608
0.0226841 609
0.0227472 610
0.0228939 611
0.0229815 612
0.0231724 613
0.0232005 614
0.0232311 615
0.0235087 616
0.0238767 617
0.0240233 618
0.0241248 619
0.0241911 620
0.0243526 621
0.0244641 622
0.0247083 623
0.0247158 624
0.0248387 625
0.0248679 626
0.0251113 627
0.0253633 628
0.0253649 629
0.0254042 630
0.0254045 631
0.0254801 632
0.0255035 633
0.0255751 634
0.0257588 635
0.0259725 636
0.0260101 637
0.026255 638
0.0265119 639
0.0270431 640
0.027081 641
0.0272133 642
0.027347 643
0.0275325 644
0.027541 645
0.0276867 646
0.0279553 647
0.0280431 648
0.0280691 649
0.0281869 650
0.0285359 651
0.0285668 652
0.0285845 653
0.0288144 654
0.0290996 655
0.0291349 656
0.0292625 657
0.0293578 658
0.0294129 659
0.0295958 660
0.0296286 661
0.029718 662
0.0298962 663
0.0300648 664
0.0301398 665
0.0301966 666
0.0303627 667
0.0304636 668
0.030546 669
0.0310527 670
0.0310761 671
0.0312833 672
0.0317871 673
0.0321824 674
0.0322398 675
0.0326953 676
0.03271 677
0.033084 678
0.0332242 679
0.0334997 680
0.033631 681
0.0336628 682
0.03383 683
0.0338812 684
0.0338944 685
0.0340002 686
0.0340483 687
0.0340951 688
0.0341716 689
0.0345734 690
0.0347611 691
0.0349192 692
0.0351068 693
0.0351947 694
0.0352263 695
0.0359303 696
0.0365517 697
0.0365534 698
0.036701 699
0.0371436 700
0.0372284 701
0.0373137 702
0.0374861 703
0.0378544 704
0.0380292 705
0.0381053 706
0.0381251 707
0.0382923 708
0.0384563 709
0.038525 710
0.0386057 711
0.038667 712
0.0387064 713
0.0390238 714
0.0390446 715
0.0393816 716
0.0393978 717
0.0396399 718
0.0397824 719
0.0398123 720
0.0398976 721
0.0399614 722
0.0399981 723
0.0400036 724
0.04035 725
0.0406605 726
0.0409677 727
0.0414013 728
0.0414662 729
0.0418476 730
0.0427522 731
0.0435467 732
0.0437904 733
0.0438504 734
0.0438504 735
0.0439527 736
0.0440384 737
0.0440731 738
0.0440769 739
0.0441329 740
0.0441524 741
0.0442277 742
0.0443184 743
0.044475 744
0.04449 745
0.0446148 746
0.0447677 747
0.0451389 748
0.0453695 749
0.0454653 750
0.0455463 751
0.0459344 752
0.0459484 753
0.0459551 754
0.0461292 755
0.0463935 756
0.0466296 757
0.0467077 758
0.0468399 759
0.0469314 760
0.0469378 761
0.0469724 762
0.0472045 763
0.0475775 764
0.0476928 765
0.047763 766
0.0478295 767
0.0479746 768
0.0481786 769
0.0483716 770
0.0484658 771
0.0485063 772
0.0487557 773
0.0492632 774
0.0495352 775
0.0495678 776
0.0496304 777
0.0496439 778
0.0497855 779
0.0498885 780
0.0504133 781
0.0504967 782
0.0505176 783
0.0506818 784
0.0510716 785
0.051125 786
0.0513224 787
0.051347 788
0.0513852 789
0.0516181 790
0.0518223 791
0.0518278 792
0.052407 793
0.0524734 794
0.0524766 795
0.0525465 796
0.0526333 797
0.0539142 798
0.0541209 799
0.0542987 800
0.0546282 801
0.0548668 802
0.0550781 803
0.0555111 804
0.0559099 805
0.056079 806
0.0562084 807
0.0563355 808
0.0564761 809
0.0564888 810
0.0565662 811
0.0574369 812
0.0590068 813
0.060326 814
0.0606253 815
0.0610096 816
0.061226 817
0.061341 818
0.0617323 819
0.0618384 820
0.0619625 821
0.0628283 822
0.0629574 823
0.0634828 824
0.0636763 825
0.0639804 826
0.0643114 827
0.0643232 828
0.0649313 829
0.0649772 830
0.0650763 831
0.0652201 832
0.0654775 833
0.065547 834
0.0657225 835
0.0657615 836
0.0660887 837
0.0665874 838
0.0667972 839
0.0672589 840
0.0674463 841
0.067549 842
0.067593 843
0.0679095 844
0.0680159 845
0.0689276 846
0.0691562 847
0.0692351 848
0.0692673 849
0.0692686 850
0.0694931 851
0.0699732 852
0.070051 853
0.0709047 854
0.071406 855
0.0718147 856
0.072502 857
0.0725787 858
0.0726996 859
0.0730524 860
0.0740406 861
0.0747197 862
0.0747226 863
0.0747329 864
0.0751553 865
0.0762972 866
0.0772627 867
0.0775468 868
0.0779487 869
0.0781539 870
0.0792686 871
0.0795244 872
0.0797351 873
0.0803452 874
0.0809783 875
0.0812881 876
0.0813496 877
0.0817933 878
0.0831724 879
0.0835744 880
0.0837062 881
0.0838515 882
0.0843578 883
0.0848862 884
0.0849361 885
0.0849458 886
0.0852835 887
0.0857646 888
0.0860629 889
0.0866436 890
0.0870368 891
0.0873784 892
0.0874254 893
0.0876098 894
0.0881189 895
0.0881894 896
0.0882601 897
0.0884882 898
0.0887002 899
0.0894543 900
0.0895322 901
0.0901851 902
0.0905553 903
0.0909967 904
0.0912955 905
0.0923978 906
0.0924299 907
0.0942299 908
0.094469 909
0.094711 910
0.0952977 911
0.0953188 912
0.0956391 913
0.0959141 914
0.0959281 915
0.0969078 916
0.096997 917
0.0971927 918
0.0980273 919
0.0984171 920
0.0988328 921
0.0999159 922
0.0999398 923
0.0999582 924
0.100689 925
0.101271 926
0.101305 927
0.101858 928
0.102688 929
0.102884 930
0.104438 931
0.104663 932
0.104721 933
0.105226 934
0.105723 935
0.105928 936
0.108104 937
0.108565 938
0.108908 939
0.109803 940
0.109871 941
0.110019 942
0.110645 943
0.110777 944
0.110921 945
0.111109 946
0.111598 947
0.111854 948
0.112162 949
0.11264 950
0.112854 951
0.113026 952
0.113251 953
0.113669 954
0.114018 955
0.115123 956
0.115289 957
0.115545 958
0.117051 959
0.117171 960
0.117869 961
0.118235 962
0.118774 963
0.121432 964
0.121958 965
0.122757 966
0.122926 967
0.122929 968
0.123632 969
0.125962 970
0.126386 971
0.126748 972
0.127026 973
0.12944 974
0.129658 975
0.129945 976
0.131247 977
0.131991 978
0.132136 979
0.134161 980
0.137052 981
0.137276 982
0.139053 983
0.139303 984
0.139719 985
0.144717 986
0.145836 987
0.147912 988
0.148863 989
0.149664 990
0.152626 991
0.153175 992
0.15332 993
0.153542 994
0.153905 995
0.156024 996
0.160119 997
0.161203 998
0.169026 999
0.171093 1000
