-0.864173 1
-0.861612 2
-0.859779 3
-0.858853 4
-0.858048 5
-0.85756 6
-0.854883 7
-0.854621 8
-0.854363 9
-0.853811 10
-0.853731 11
-0.853456 12
-0.852689 13
-0.851751 14
-0.851567 15
-0.851226 16
-0.850699 17
-0.850618 18
-0.84929 19
-0.847225 20
-0.846893 21
-0.84681 22
-0.846368 23
-0.846345 24
-0.845556 25
-0.845515 26
-0.844306 27
-0.843831 28
-0.841896 29
-0.841853 30
-0.841807 31
-0.841707 32
-0.841009 33
-0.840515 34
-0.840425 35
-0.840018 36
-0.839621 37
-0.839107 38
-0.837958 39
-0.83716 40
-0.837127 41
-0.836852 42
-0.835575 43
-0.834766 44
-0.833849 45
-0.8332 46
-0.832549 47
-0.832477 48
-0.832389 49
-0.831841 50
-0.831476 51
-0.830935 52
-0.830765 53
-0.830572 54
-0.830511 55
-0.829944 56
-0.829419 57
-0.828411 58
-0.826126 59
-0.825659 60
-0.825335 61
-0.824269 62
-0.824087 63
-0.82368 64
-0.822725 65
-0.821886 66
-0.820082 67
-0.819334 68
-0.817665 69
-0.81761 70
-0.815316 71
-0.815292 72
-0.815182 73
-0.815148 74
-0.815131 75
-0.815072 76
-0.814042 77
-0.812097 78
-0.811331 79
-0.810979 80
-0.8102 81
-0.810178 82
-0.809974 83
-0.809567 84
-0.808617 85
-0.808103 86
-0.807019 87
-0.805282 88
-0.805267 89
-0.805068 90
-0.80303 91
-0.802722 92
-0.801136 93
-0.801098 94
-0.800713 95
-0.798825 96
-0.797983 97
-0.797121 98
-0.796852 99
-0.796548 100
-0.796463 101
-0.795793 102
-0.795774 103
-0.795668 104
-0.793676 105
-0.793517 106
-0.791534 107
-0.790159 108
-0.78628 109
-0.7838 110
-0.78371 111
-0.783617 112
-0.781916 113
-0.781211 114
-0.780515 115
-0.779326 116
-0.779078 117
-0.779014 118
-0.778671 119
-0.776368 120
-0.776036 121
-0.775374 122
-0.775063 123
-0.774536 124
-0.774003 125
-0.773958 126
-0.773408 127
-0.772359 128
-0.771971 129
-0.771827 130
-0.771503 131
-0.769914 132
-0.768202 133
-0.768018 134
-0.767167 135
-0.766779 136
-0.766317 137
-0.762964 138
-0.760462 139
-0.760249 140
-0.759109 141
-0.757934 142
-0.75733 143
-0.757095 144
-0.756525 145
-0.754678 146
-0.753674 147
-0.749676 148
-0.747674 149
-0.747573 150
-0.747203 151
-0.741346 152
-0.741185 153
-0.734856 154
-0.733513 155
-0.732298 156
-0.729488 157
-0.726759 158
-0.726106 159
-0.723977 160
-0.723011 161
-0.721882 162
-0.71889 163
-0.714299 164
-0.714027 165
-0.712079 166
-0.708893 167
-0.708152 168
-0.70743 169
-0.703769 170
-0.700697 171
-0.69745 172
-0.695731 173
-0.692377 174
-0.689162 175
-0.679815 176
-0.679529 177
-0.677914 178
-0.675673 179
-0.673773 180
-0.673198 181
-0.672423 182
-0.662893 183
-0.66155 184
-0.661368 185
-0.660565 186
-0.65969 187
-0.644319 188
-0.642517 189
-0.637791 190
-0.635854 191
-0.635493 192
-0.635109 193
-0.634001 194
-0.63332 195
-0.633184 196
-0.632777 197
-0.630428 198
-0.625002 199
-0.619781 200
-0.619296 201
-0.615838 202
-0.61398 203
-0.613328 204
-0.609831 205
-0.607904 206
-0.605385 207
-0.601932 208
-0.600092 209
-0.599518 210
-0.596542 211
-0.596173 212
-0.59311 213
-0.591361 214
-0.587831 215
-0.587134 216
-0.578937 217
-0.57101 218
-0.570736 219
-0.570178 220
-0.567564 221
-0.56334 222
-0.555859 223
-0.554575 224
-0.554544 225
-0.549003 226
-0.548056 227
-0.539884 228
-0.537343 229
-0.535455 230
-0.534106 231
-0.526341 232
-0.524226 233
-0.522244 234
-0.521266 235
-0.519221 236
-0.516483 237
-0.513423 238
-0.51199 239
-0.505459 240
-0.501999 241
-0.500328 242
-0.490642 243
-0.489719 244
-0.487501 245
-0.48707 246
-0.482227 247
-0.479664 248
-0.477487 249
-0.472634 250
-0.470677 251
-0.470381 252
-0.469015 253
-0.46725 254
-0.453641 255
-0.451797 256
-0.444006 257
-0.439731 258
-0.439409 259
-0.429228 260
-0.424954 261
-0.412677 262
-0.403973 263
-0.401965 264
-0.398542 265
-0.393028 266
-0.388266 267
-0.381069 268
-0.376427 269
-0.372086 270
-0.366278 271
-0.364934 272
-0.361121 273
-0.357125 274
-0.354302 275
-0.350721 276
-0.349732 277
-0.346921 278
-0.343343 279
-0.333778 280
-0.329057 281
-0.321171 282
-0.320777 283
-0.317192 284
-0.310578 285
-0.309203 286
-0.30177 287
-0.298702 288
-0.298458 289
-0.285108 290
-0.284493 291
-0.283188 292
-0.281985 293
-0.275132 294
-0.272024 295
-0.254365 296
-0.241812 297
-0.241335 298
-0.220234 299
-0.219405 300
-0.219329 301
-0.21516 302
-0.212282 303
-0.201758 304
-0.199809 305
-0.17876 306
-0.178416 307
-0.175485 308
-0.143551 309
-0.112831 310
-0.110301 311
-0.104049 312
-0.100553 313
-0.100307 314
-0.096756 315
-0.0948324 316
-0.0833741 317
-0.0721749 318
-0.0712614 319
-0.0592871 320
-0.0587452 321
-0.0538958 322
-0.0489713 323
-0.0453419 324
-0.0407953 325
-0.0400526 326
-0.0263588 327
-0.0213474 328
-0.020279 329
-0.0142472 330
-0.00233797 331
-0 332
0.00169186 333
0.021729 334
0.028176 335
0.03022 336
0.0317098 337
0.0371586 338
0.0393549 339
0.0423189 340
0.0432659 341
0.0449066 342
0.0468129 343
0.0599078 344
0.06105 345
0.0669514 346
0.0813995 347
0.101541 348
0.102744 349
0.107822 350
0.111367 351
0.131441 352
0.162666 353
0.163622 354
0.169237 355
0.170776 356
0.194292 357
0.19882 358
0.202803 359
0.205112 360
0.209822 361
0.227736 362
0.235701 363
0.236348 364
0.257301 365
0.258041 366
0.268989 367
0.281068 368
0.284428 369
0.287515 370
0.304457 371
0.304742 372
0.332944 373
0.338866 374
0.346767 375
0.356844 376
0.358875 377
0.364354 378
0.367753 379
0.372994 380
0.377934 381
0.37932 382
0.388625 383
0.39147 384
0.398917 385
0.400818 386
0.400953 387
0.402959 388
0.407964 389
0.40931 390
0.416451 391
0.418495 392
0.434094 393
0.434918 394
0.436387 395
0.447261 396
0.447497 397
0.466507 398
0.477773 399
0.487128 400
0.493924 401
0.494766 402
0.497897 403
0.500565 404
0.502451 405
0.508532 406
0.511466 407
0.520933 408
0.521172 409
0.528143 410
0.531126 411
0.531227 412
0.540149 413
0.541719 414
0.547999 415
0.548046 416
0.549587 417
0.552294 418
0.552368 419
0.557836 420
0.560655 421
0.561694 422
0.564291 423
0.565271 424
0.566601 425
0.576597 426
0.5772 427
0.579445 428
0.581251 429
0.588847 430
0.591339 431
0.593656 432
0.600793 433
0.602967 434
0.613476 435
0.614737 436
0.618248 437
0.623188 438
0.624535 439
0.625393 440
0.631274 441
0.632508 442
0.63312 443
0.635042 444
0.636134 445
0.639088 446
0.639104 447
0.648171 448
0.649167 449
0.654654 450
0.655818 451
0.657814 452
0.658335 453
0.659882 454
0.660209 455
0.663178 456
0.664208 457
0.6649 458
0.666097 459
0.668025 460
0.670109 461
0.671329 462
0.672241 463
0.674018 464
0.676892 465
0.678436 466
0.679252 467
0.685376 468
0.688156 469
0.690555 470
0.691707 471
0.692362 472
0.693005 473
0.693864 474
0.694567 475
0.702069 476
0.702781 477
0.704201 478
0.705599 479
0.706312 480
0.711354 481
0.718 482
0.719178 483
0.724578 484
0.727326 485
0.728699 486
0.729405 487
0.730573 488
0.731825 489
0.732459 490
0.733317 491
0.734787 492
0.736288 493
0.737656 494
0.743121 495
0.748005 496
0.749628 497
0.752116 498
0.752777 499
0.755012 500
0.755096 501
0.755322 502
0.755676 503
0.755763 504
0.756885 505
0.757207 506
0.758437 507
0.75912 508
0.759338 509
0.759398 510
0.759952 511
0.760003 512
0.760498 513
0.761146 514
0.765023 515
0.765189 516
0.765971 517
0.766231 518
0.767728 519
0.773316 520
0.774026 521
0.776747 522
0.77736 523
0.777489 524
0.777775 525
0.778007 526
0.778229 527
0.778276 528
0.778412 529
0.778816 530
0.778965 531
0.779901 532
0.780795 533
0.780898 534
0.781296 535
0.781704 536
0.782372 537
0.782791 538
0.783078 539
0.783658 540
0.783728 541
0.783821 542
0.785069 543
0.785956 544
0.786194 545
0.786524 546
0.787354 547
0.788005 548
0.789287 549
0.789548 550
0.790009 551
0.790374 552
0.792288 553
0.792945 554
0.79325 555
0.795867 556
0.795889 557
0.795946 558
0.797711 559
0.798463 560
0.798481 561
0.799453 562
0.800216 563
0.800376 564
0.800816 565
0.802931 566
0.80354 567
0.804936 568
0.805137 569
0.805146 570
0.805266 571
0.80696 572
0.809023 573
0.80932 574
0.810916 575
0.812503 576
0.813615 577
0.814269 578
0.815163 579
0.815373 580
0.816049 581
0.816075 582
0.81681 583
0.817522 584
0.81827 585
0.819753 586
0.82014 587
0.820242 588
0.820615 589
0.82133 590
0.821642 591
0.823013 592
0.823443 593
0.824623 594
0.824652 595
0.824694 596
0.82509 597
0.825408 598
0.826238 599
0.826956 600
0.827314 601
0.829723 602
0.829807 603
0.82989 604
0.831485 605
0.832175 606
0.832322 607
0.832536 608
0.833034 609
0.833452 610
0.833792 611
0.835729 612
0.836194 613
0.836508 614
0.836684 615
0.838118 616
0.838319 617
0.838344 618
0.838655 619
0.84051 620
0.840673 621
0.842024 622
0.842168 623
0.842428 624
0.842951 625
0.843065 626
0.843241 627
0.843963 628
0.844395 629
0.845341 630
0.846362 631
0.846373 632
0.84673 633
0.84733 634
0.847459 635
0.847504 636
0.848067 637
0.848216 638
0.848746 639
0.849683 640
0.850189 641
0.85302 642
0.853842 643
0.854819 644
0.855477 645
0.855955 646
0.856053 647
0.856156 648
0.856444 649
0.858722 650
0.860992 651
0.863343 652
